<?xml version="1.0" encoding="UTF-8" ?>
<testsuite tests="1" failures="0" name="com.mycompany.kwetter.model.TweetTest" time="0.003" errors="0" skipped="0">
  <properties>
    <property name="java.vendor" value="Oracle Corporation"/>
    <property name="JOB_NAME" value="kwetter"/>
    <property name="sun.java.launcher" value="SUN_STANDARD"/>
    <property name="NUMBER_OF_PROCESSORS" value="8"/>
    <property name="sun.management.compiler" value="HotSpot 64-Bit Tiered Compilers"/>
    <property name="JENKINS_HOME" value="C:\Program Files (x86)\Jenkins"/>
    <property name="HUDSON_SERVER_COOKIE" value="9b5c8712bc1a3e39"/>
    <property name="POM_ARTIFACTID" value="kwetter"/>
    <property name="os.name" value="Windows 10"/>
    <property name="sun.boot.class.path" value="c:\tools\jdk1.8.0_111\jre\lib\resources.jar;c:\tools\jdk1.8.0_111\jre\lib\rt.jar;c:\tools\jdk1.8.0_111\jre\lib\sunrsasign.jar;c:\tools\jdk1.8.0_111\jre\lib\jsse.jar;c:\tools\jdk1.8.0_111\jre\lib\jce.jar;c:\tools\jdk1.8.0_111\jre\lib\charsets.jar;c:\tools\jdk1.8.0_111\jre\lib\jfr.jar;c:\tools\jdk1.8.0_111\jre\classes"/>
    <property name="EXECUTOR_NUMBER" value="1"/>
    <property name="PYTHONPATH" value="C:\Program Files (x86)\DLR\Sumo\tools\"/>
    <property name="sun.desktop" value="windows"/>
    <property name="PATHEXT" value=".COM;.EXE;.BAT;.CMD;.VBS;.VBE;.JS;.JSE;.WSF;.WSH;.MSC"/>
    <property name="java.vm.specification.vendor" value="Oracle Corporation"/>
    <property name="POM_DISPLAYNAME" value="kwetter"/>
    <property name="NODE_LABELS" value="master"/>
    <property name="TEMP" value="C:\WINDOWS\TEMP"/>
    <property name="java.runtime.version" value="1.8.0_111-b14"/>
    <property name="user.name" value="PIETERKEGELPC$"/>
    <property name="guice.disable.misplaced.annotation.check" value="true"/>
    <property name="CommonProgramW6432" value="C:\Program Files\Common Files"/>
    <property name="ProgramFiles" value="C:\Program Files (x86)"/>
    <property name="user.language" value="nl"/>
    <property name="JOB_BASE_NAME" value="kwetter"/>
    <property name="RUN_CHANGES_DISPLAY_URL" value="http://localhost:8080/job/kwetter/23/display/redirect?page=changes"/>
    <property name="BUILD_DISPLAY_NAME" value="#23"/>
    <property name="sun.boot.library.path" value="c:\tools\jdk1.8.0_111\jre\bin"/>
    <property name="GIT_PREVIOUS_SUCCESSFUL_COMMIT" value="08f32baa152c626d5ecf7ed228c48bf421bfc2ee"/>
    <property name="VS110COMNTOOLS" value="C:\Program Files (x86)\Microsoft Visual Studio 11.0\Common7\Tools\"/>
    <property name="AVR32_HOME" value="C:\WinAVR-20100110"/>
    <property name="LOCALAPPDATA" value="C:\WINDOWS\system32\config\systemprofile\AppData\Local"/>
    <property name="java.version" value="1.8.0_111"/>
    <property name="PROCESSOR_LEVEL" value="6"/>
    <property name="user.timezone" value="Europe/Berlin"/>
    <property name="USERNAME" value="PIETERKEGELPC$"/>
    <property name="sun.arch.data.model" value="64"/>
    <property name="MAVEN_BIN" value="C:\tools\apache-maven-3.3.9\bin"/>
    <property name="NODE_NAME" value="master"/>
    <property name="PROCESSOR_ARCHITEW6432" value="AMD64"/>
    <property name="java.endorsed.dirs" value="c:\tools\jdk1.8.0_111\jre\lib\endorsed"/>
    <property name="BUILD_ID" value="23"/>
    <property name="sun.cpu.isalist" value="amd64"/>
    <property name="sun.jnu.encoding" value="Cp1252"/>
    <property name="file.encoding.pkg" value="sun.io"/>
    <property name="file.separator" value="\"/>
    <property name="java.specification.name" value="Java Platform API Specification"/>
    <property name="java.class.version" value="52.0"/>
    <property name="org.slf4j.simpleLogger.defaultLogLevel" value="info"/>
    <property name="user.country" value="NL"/>
    <property name="ALLUSERSPROFILE" value="C:\ProgramData"/>
    <property name="VS140COMNTOOLS" value="C:\Program Files (x86)\Microsoft Visual Studio 14.0\Common7\Tools\"/>
    <property name="java.home" value="c:\tools\jdk1.8.0_111\jre"/>
    <property name="java.vm.info" value="mixed mode"/>
    <property name="os.version" value="10.0"/>
    <property name="RUN_DISPLAY_URL" value="http://localhost:8080/job/kwetter/23/display/redirect"/>
    <property name="POM_VERSION" value="1.0-SNAPSHOT"/>
    <property name="TMP" value="C:\WINDOWS\TEMP"/>
    <property name="path.separator" value=";"/>
    <property name="java.vm.version" value="25.111-b14"/>
    <property name="user.variant" value=""/>
    <property name="GIT_PREVIOUS_COMMIT" value="75f7da4d5c4439bd311b218134d8d45a48466dd9"/>
    <property name="JOB_DISPLAY_URL" value="http://localhost:8080/job/kwetter/display/redirect"/>
    <property name="CommonProgramFiles(x86)" value="C:\Program Files (x86)\Common Files"/>
    <property name="java.awt.printerjob" value="sun.awt.windows.WPrinterJob"/>
    <property name="FP_NO_HOST_CHECK" value="NO"/>
    <property name="JAVA_HOME" value="c:\tools\jdk1.8.0_111"/>
    <property name="sun.io.unicode.encoding" value="UnicodeLittle"/>
    <property name="CommonProgramFiles" value="C:\Program Files (x86)\Common Files"/>
    <property name="ComSpec" value="C:\WINDOWS\system32\cmd.exe"/>
    <property name="awt.toolkit" value="sun.awt.windows.WToolkit"/>
    <property name="POM_PACKAGING" value="war"/>
    <property name="asl.log" value="Destination=file"/>
    <property name="user.script" value=""/>
    <property name="COMPUTERNAME" value="PIETERKEGELPC"/>
    <property name="SERVICE_ID" value="Jenkins"/>
    <property name="POM_GROUPID" value="com.mycompany"/>
    <property name="VBOX_MSI_INSTALL_PATH" value="C:\Program Files\Oracle\VirtualBox\"/>
    <property name="GTK_BASEPATH" value="C:\Program Files (x86)\GtkSharp\2.12\"/>
    <property name="user.home" value="C:\WINDOWS\system32\config\systemprofile"/>
    <property name="PUBLIC" value="C:\Users\Public"/>
    <property name="BUILD_TAG" value="jenkins-kwetter-23"/>
    <property name="JENKINS_SERVER_COOKIE" value="9b5c8712bc1a3e39"/>
    <property name="HUDSON_URL" value="http://localhost:8080/"/>
    <property name="ProgramData" value="C:\ProgramData"/>
    <property name="java.specification.vendor" value="Oracle Corporation"/>
    <property name="USERPROFILE" value="C:\WINDOWS\system32\config\systemprofile"/>
    <property name="CLASSPATH" value=""/>
    <property name="java.vendor.url" value="http://java.oracle.com/"/>
    <property name="java.library.path" value="c:\tools\jdk1.8.0_111\bin;C:\WINDOWS\Sun\Java\bin;C:\WINDOWS\system32;C:\WINDOWS;C:\tools\apache-maven-3.3.9/bin;c:\tools\jdk1.8.0_111/bin;c:\tools\jdk1.8.0_111/bin;C:\Program Files (x86)\PHP\;C:\ProgramData\Oracle\Java\javapath;C:\Windows\system32;C:\Windows;C:\Windows\System32\Wbem;C:\Windows\System32\WindowsPowerShell\v1.0\;C:\Program Files\TortoiseSVN\bin;C:\Program Files (x86)\Windows Kits\8.1\Windows Performance Toolkit\;C:\Program Files\Microsoft SQL Server\110\Tools\Binn\;C:\Program Files (x86)\Universal Extractor;C:\Program Files (x86)\Universal Extractor\bin;C:\Program Files (x86)\Microsoft SDKs\TypeScript\1.0\;C:\Program Files\Microsoft SQL Server\120\Tools\Binn\;C:\Program Files\Microsoft\Web Platform Installer\;C:\WINDOWS\system32;C:\WINDOWS;C:\WINDOWS\System32\Wbem;C:\WINDOWS\System32\WindowsPowerShell\v1.0\;C:\Program Files (x86)\Skype\Phone\;C:\Program Files (x86)\GtkSharp\2.12\bin;C:\Program Files\TortoiseHg\;C:\Users\Pieter\AppData\Local\Microsoft\WindowsApps;\bin;\bin;c:\tools\jdk1.8.0_111\bin;C:\Program Files\Git\cmd;C:\Program Files (x86)\DLR\Sumo\bin\;C:\Program Files (x86)\DLR\Sumo\tools\;C:\Program Files (x86)\NVIDIA Corporation\PhysX\Common;C:\WINDOWS\system32\config\systemprofile\AppData\Local\Microsoft\WindowsApps;."/>
    <property name="java.vm.vendor" value="Oracle Corporation"/>
    <property name="APPDATA" value="C:\WINDOWS\system32\config\systemprofile\AppData\Roaming"/>
    <property name="PHPRC" value="C:\Program Files (x86)\PHP\"/>
    <property name="java.runtime.name" value="Java(TM) SE Runtime Environment"/>
    <property name="maven.home" value="C:\tools\apache-maven-3.3.9"/>
    <property name="java.class.path" value="C:\Program Files (x86)\Jenkins\plugins\maven-plugin\WEB-INF\lib\maven33-agent-1.8.1.jar;C:\tools\apache-maven-3.3.9\boot\plexus-classworlds-2.5.2.jar;C:\tools\apache-maven-3.3.9/conf/logging"/>
    <property name="sun.java.command" value="jenkins.maven3.agent.Maven33Main C:\tools\apache-maven-3.3.9 C:\Program Files (x86)\Jenkins\war\WEB-INF\lib\remoting-3.4.1.jar C:\Program Files (x86)\Jenkins\plugins\maven-plugin\WEB-INF\lib\maven33-interceptor-1.8.1.jar C:\Program Files (x86)\Jenkins\plugins\maven-plugin\WEB-INF\lib\maven3-interceptor-commons-1.8.1.jar 9127"/>
    <property name="Path" value="c:\tools\jdk1.8.0_111/bin;C:\Program Files (x86)\PHP\;C:\ProgramData\Oracle\Java\javapath;C:\Windows\system32;C:\Windows;C:\Windows\System32\Wbem;C:\Windows\System32\WindowsPowerShell\v1.0\;C:\Program Files\TortoiseSVN\bin;C:\Program Files (x86)\Windows Kits\8.1\Windows Performance Toolkit\;C:\Program Files\Microsoft SQL Server\110\Tools\Binn\;C:\Program Files (x86)\Universal Extractor;C:\Program Files (x86)\Universal Extractor\bin;C:\Program Files (x86)\Microsoft SDKs\TypeScript\1.0\;C:\Program Files\Microsoft SQL Server\120\Tools\Binn\;C:\Program Files\Microsoft\Web Platform Installer\;C:\WINDOWS\system32;C:\WINDOWS;C:\WINDOWS\System32\Wbem;C:\WINDOWS\System32\WindowsPowerShell\v1.0\;C:\Program Files (x86)\Skype\Phone\;C:\Program Files (x86)\GtkSharp\2.12\bin;C:\Program Files\TortoiseHg\;C:\Users\Pieter\AppData\Local\Microsoft\WindowsApps;\bin;\bin;c:\tools\jdk1.8.0_111\bin;C:\Program Files\Git\cmd;C:\Program Files (x86)\DLR\Sumo\bin\;C:\Program Files (x86)\DLR\Sumo\tools\;C:\Program Files (x86)\NVIDIA Corporation\PhysX\Common;C:\WINDOWS\system32\config\systemprofile\AppData\Local\Microsoft\WindowsApps"/>
    <property name="VS120COMNTOOLS" value="C:\Program Files (x86)\Microsoft Visual Studio 12.0\Common7\Tools\"/>
    <property name="java.vm.specification.name" value="Java Virtual Machine Specification"/>
    <property name="PROCESSOR_ARCHITECTURE" value="x86"/>
    <property name="PATH+JDK" value="c:\tools\jdk1.8.0_111/bin"/>
    <property name="PROCESSOR_IDENTIFIER" value="Intel64 Family 6 Model 60 Stepping 3, GenuineIntel"/>
    <property name="java.vm.specification.version" value="1.8"/>
    <property name="sun.os.patch.level" value=""/>
    <property name="sun.cpu.endian" value="little"/>
    <property name="M2_HOME" value="C:\tools\apache-maven-3.3.9"/>
    <property name="java.io.tmpdir" value="C:\WINDOWS\TEMP\"/>
    <property name="OS" value="Windows_NT"/>
    <property name="HUDSON_HOME" value="C:\Program Files (x86)\Jenkins"/>
    <property name="PATH+MAVEN" value="C:\tools\apache-maven-3.3.9/bin"/>
    <property name="ProgramFiles(x86)" value="C:\Program Files (x86)"/>
    <property name="SUMO_HOME" value="C:\Program Files (x86)\DLR\Sumo\"/>
    <property name="BUILD_URL" value="http://localhost:8080/job/kwetter/23/"/>
    <property name="java.vendor.url.bug" value="http://bugreport.sun.com/bugreport/"/>
    <property name="java.awt.graphicsenv" value="sun.awt.Win32GraphicsEnvironment"/>
    <property name="os.arch" value="amd64"/>
    <property name="SystemRoot" value="C:\WINDOWS"/>
    <property name="java.ext.dirs" value="c:\tools\jdk1.8.0_111\jre\lib\ext;C:\WINDOWS\Sun\Java\lib\ext"/>
    <property name="user.dir" value="D:\Nieuwe map\NetBeansProjects\kwetter"/>
    <property name="JOB_URL" value="http://localhost:8080/job/kwetter/"/>
    <property name="USERDOMAIN" value="WORKGROUP"/>
    <property name="line.separator" value="
"/>
    <property name="MAVEN_HOME" value="C:\tools\apache-maven-3.3.9"/>
    <property name="java.vm.name" value="Java HotSpot(TM) 64-Bit Server VM"/>
    <property name="BUILD_NUMBER" value="23"/>
    <property name="BASE" value="C:\Program Files (x86)\Jenkins"/>
    <property name="JENKINS_URL" value="http://localhost:8080/"/>
    <property name="PROCESSOR_REVISION" value="3c03"/>
    <property name="GIT_BRANCH" value="origin/master"/>
    <property name="ProgramW6432" value="C:\Program Files"/>
    <property name="windir" value="C:\WINDOWS"/>
    <property name="GIT_COMMIT" value="75f7da4d5c4439bd311b218134d8d45a48466dd9"/>
    <property name="file.encoding" value="Cp1252"/>
    <property name="SystemDrive" value="C:"/>
    <property name="maven3.interceptor" value="C:\Program Files (x86)\Jenkins\plugins\maven-plugin\WEB-INF\lib\maven33-interceptor-1.8.1.jar"/>
    <property name="WORKSPACE" value="C:\Program Files (x86)\Jenkins\workspace\kwetter"/>
    <property name="maven3.interceptor.common" value="C:\Program Files (x86)\Jenkins\plugins\maven-plugin\WEB-INF\lib\maven3-interceptor-commons-1.8.1.jar"/>
    <property name="WINSW_EXECUTABLE" value="C:\Program Files (x86)\Jenkins\jenkins.exe"/>
    <property name="java.specification.version" value="1.8"/>
    <property name="PSModulePath" value="C:\WINDOWS\system32\WindowsPowerShell\v1.0\Modules\"/>
    <property name="GIT_URL" value="https://github.com/pieter888/Kwetter.git"/>
  </properties>
  <testcase classname="com.mycompany.kwetter.model.TweetTest" name="testTest" time="0.003"/>
</testsuite>